{
  "uid" : "208e25a0ab79f85e",
  "name" : "TestClass.test_pytest_expansion",
  "title" : "Test pytest expansion",
  "time" : {
    "start" : 1460649646741,
    "stop" : 1460649646751,
    "duration" : 10
  },
  "summary" : {
    "attachments" : 0,
    "steps" : 0
  },
  "failure" : {
    "message" : "AssertionError: assert {1: 2, 3: 4} == {1: 3, 3: 4}\n  Omitting 1 identical items, use -v to show\n  Differing items:\n  {1: 2} != {1: 3}\n  Use -v to get the full diff",
    "stackTrace" : "self = <suite2.test_demo.TestClass instance at 0x033F9F30>\n\n    def test_pytest_expansion(self):\n        a = {1: 2, 3: 4}\n        b = {1: 3, 3: 4}\n    \n>       assert a == b\nE       assert {1: 2, 3: 4} == {1: 3, 3: 4}\nE         Omitting 1 identical items, use -v to show\nE         Differing items:\nE         {1: 2} != {1: 3}\nE         Use -v to get the full diff\n\nsuite2\\test_demo.py:47: AssertionError"
  },
  "description" : {
    "value" : "\nThis module contains basic examples of tests\n",
    "type" : "TEXT"
  },
  "severity" : "NORMAL",
  "status" : "FAILED",
  "testId" : null,
  "suite" : {
    "uid" : "334814554b6ec994",
    "name" : "suite2.test_demo",
    "title" : "Test demo"
  },
  "steps" : [ ],
  "attachments" : [ ],
  "issues" : [ ],
  "labels" : [ {
    "name" : "feature",
    "value" : "Feature1"
  }, {
    "name" : "suite-title",
    "value" : null
  }, {
    "name" : "thread",
    "value" : "2628-MainThread"
  }, {
    "name" : "severity",
    "value" : "normal"
  }, {
    "name" : "suite-name",
    "value" : "suite2.test_demo"
  }, {
    "name" : "host",
    "value" : "ZinhVcoin-PC"
  } ],
  "parameters" : [ ]
}