{
  "uid" : "2543179c58975022",
  "name" : "test_failure",
  "title" : "Test failure",
  "time" : {
    "start" : 1460636325248,
    "stop" : 1460636325260,
    "duration" : 12
  },
  "summary" : {
    "attachments" : 0,
    "steps" : 0
  },
  "failure" : {
    "message" : "AssertionError: assert False",
    "stackTrace" : "def test_failure():\n            'this test fails'\n>           assert False\nE           assert False\n\ntests\\test_xml.py:13: AssertionError"
  },
  "description" : {
    "value" : "\nУ этого модуля, как и у его тестов, кириллические описания, данные в юникоде\n\nCreated on Oct 19, 2013\n\n@author: pupssman\n\r\nthis test fails",
    "type" : "TEXT"
  },
  "severity" : "NORMAL",
  "status" : "FAILED",
  "testId" : null,
  "suite" : {
    "uid" : "78f28e191de4bf7",
    "name" : "tests.test_nonascii",
    "title" : "Test nonascii"
  },
  "steps" : [ ],
  "attachments" : [ ],
  "issues" : [ ],
  "labels" : [ {
    "name" : "thread",
    "value" : "10628-MainThread"
  }, {
    "name" : "suite-title",
    "value" : null
  }, {
    "name" : "suite-name",
    "value" : "tests.test_nonascii"
  }, {
    "name" : "severity",
    "value" : "normal"
  }, {
    "name" : "host",
    "value" : "ZinhVcoin-PC"
  } ],
  "parameters" : [ ]
}