{
  "uid" : "30cae0c94130aad5",
  "name" : "test_pytest_expansion",
  "title" : "Test pytest expansion",
  "time" : {
    "start" : 1460562487604,
    "stop" : 1460562487610,
    "duration" : 6
  },
  "summary" : {
    "attachments" : 0,
    "steps" : 0
  },
  "failure" : {
    "message" : "AssertionError: assert {1: 2, 3: 4} == {1: 3, 3: 4}\n  Omitting 1 identical items, use -v to show\n  Differing items:\n  {1: 2} != {1: 3}\n  Use -v to get the full diff",
    "stackTrace" : "def test_pytest_expansion():\n        a = {1: 2, 3: 4}\n        b = {1: 3, 3: 4}\n    \n>       assert a == b\nE       assert {1: 2, 3: 4} == {1: 3, 3: 4}\nE         Omitting 1 identical items, use -v to show\nE         Differing items:\nE         {1: 2} != {1: 3}\nE         Use -v to get the full diff\n\ndemo\\test_basic_examples.py:55: AssertionError"
  },
  "description" : {
    "value" : "\nThese tests show some attachment examples\n\nCreated on Oct 18, 2013\n\n@author: pupssman\n",
    "type" : "TEXT"
  },
  "severity" : "NORMAL",
  "status" : "FAILED",
  "testId" : null,
  "suite" : {
    "uid" : "9ee7c1bbbc59433f",
    "name" : "demo.test_attaches",
    "title" : "Test attaches"
  },
  "steps" : [ ],
  "attachments" : [ ],
  "issues" : [ ],
  "labels" : [ {
    "name" : "suite-name",
    "value" : "demo.test_attaches"
  }, {
    "name" : "suite-title",
    "value" : null
  }, {
    "name" : "severity",
    "value" : "normal"
  }, {
    "name" : "host",
    "value" : "ZinhVcoin-PC"
  }, {
    "name" : "thread",
    "value" : "844-MainThread"
  } ],
  "parameters" : [ ]
}