{
  "uid" : "47cb6b5e19acbf6f",
  "name" : "test_skip_xfail_in_parametrize[1]",
  "title" : "Test skip xfail in parametrize [1]",
  "time" : {
    "start" : 1460636772717,
    "stop" : 1460636772724,
    "duration" : 7
  },
  "summary" : {
    "attachments" : 0,
    "steps" : 0
  },
  "failure" : {
    "message" : "AssertionError: assert 1 > 3",
    "stackTrace" : "value = 1\n\n    @pytest.mark.parametrize('value', [\n                                      1,\n                                      2,\n                                      5,\n                                      pytest.mark.skipif(3),\n                                      pytest.mark.xfail(0),\n                                      pytest.mark.xfail(10)\n                                      ])\n    def test_skip_xfail_in_parametrize(value):\n        'same as above_3, but has some decorators'\n    \n>       assert value > 3\nE       assert 1 > 3\n\ndemo\\test_parametrisation.py:25: AssertionError"
  },
  "description" : {
    "value" : "\nThese tests show some attachment examples\n\nCreated on Oct 18, 2013\n\n@author: pupssman\n\r\nsame as above_3, but has some decorators",
    "type" : "TEXT"
  },
  "severity" : "NORMAL",
  "status" : "FAILED",
  "testId" : null,
  "suite" : {
    "uid" : "42874e6ddbdbb0b3",
    "name" : "demo.test_attaches",
    "title" : "Test attaches"
  },
  "steps" : [ ],
  "attachments" : [ ],
  "issues" : [ ],
  "labels" : [ {
    "name" : "suite-name",
    "value" : "demo.test_attaches"
  }, {
    "name" : "thread",
    "value" : "7556-MainThread"
  }, {
    "name" : "suite-title",
    "value" : null
  }, {
    "name" : "severity",
    "value" : "normal"
  }, {
    "name" : "host",
    "value" : "ZinhVcoin-PC"
  } ],
  "parameters" : [ ]
}