{
  "uid" : "4dac24dd01575830",
  "name" : "test_is_above_3[3]",
  "title" : "Test is above 3 [3]",
  "time" : {
    "start" : 1460636657100,
    "stop" : 1460636657106,
    "duration" : 6
  },
  "summary" : {
    "attachments" : 0,
    "steps" : 0
  },
  "failure" : {
    "message" : "AssertionError: assert 3 > 3",
    "stackTrace" : "value = 3\n\n    @pytest.mark.parametrize('value', range(5))\n    def test_is_above_3(value):\n        'checks that ``value`` is above 3'\n    \n>       assert value > 3\nE       assert 3 > 3\n\ndemo\\test_parametrisation.py:11: AssertionError"
  },
  "description" : {
    "value" : "\nThese tests show some attachment examples\n\nCreated on Oct 18, 2013\n\n@author: pupssman\n\r\nchecks that ``value`` is above 3",
    "type" : "TEXT"
  },
  "severity" : "NORMAL",
  "status" : "FAILED",
  "testId" : null,
  "suite" : {
    "uid" : "3f0574f19f3008de",
    "name" : "demo.test_attaches",
    "title" : "Test attaches"
  },
  "steps" : [ ],
  "attachments" : [ ],
  "issues" : [ ],
  "labels" : [ {
    "name" : "suite-name",
    "value" : "demo.test_attaches"
  }, {
    "name" : "suite-title",
    "value" : null
  }, {
    "name" : "thread",
    "value" : "7400-MainThread"
  }, {
    "name" : "severity",
    "value" : "normal"
  }, {
    "name" : "host",
    "value" : "ZinhVcoin-PC"
  } ],
  "parameters" : [ ]
}