{
  "uid" : "6a321392103ae740",
  "name" : "test_failure",
  "title" : "Test failure",
  "time" : {
    "start" : 1460636772289,
    "stop" : 1460636772295,
    "duration" : 6
  },
  "summary" : {
    "attachments" : 0,
    "steps" : 0
  },
  "failure" : {
    "message" : "AssertionError: assert False",
    "stackTrace" : "def test_failure():\n        'this test fails'\n>       assert False\nE       assert False\n\ndemo\\test_basic_examples.py:14: AssertionError"
  },
  "description" : {
    "value" : "\nThese tests show some attachment examples\n\nCreated on Oct 18, 2013\n\n@author: pupssman\n\r\nthis test fails",
    "type" : "TEXT"
  },
  "severity" : "NORMAL",
  "status" : "FAILED",
  "testId" : null,
  "suite" : {
    "uid" : "42874e6ddbdbb0b3",
    "name" : "demo.test_attaches",
    "title" : "Test attaches"
  },
  "steps" : [ ],
  "attachments" : [ ],
  "issues" : [ ],
  "labels" : [ {
    "name" : "suite-name",
    "value" : "demo.test_attaches"
  }, {
    "name" : "thread",
    "value" : "7556-MainThread"
  }, {
    "name" : "suite-title",
    "value" : null
  }, {
    "name" : "severity",
    "value" : "normal"
  }, {
    "name" : "host",
    "value" : "ZinhVcoin-PC"
  } ],
  "parameters" : [ ]
}