{
  "uid" : "af2978404f648652",
  "name" : "test_failure",
  "title" : "Test failure",
  "time" : {
    "start" : 1460636071548,
    "stop" : 1460636071569,
    "duration" : 21
  },
  "summary" : {
    "attachments" : 0,
    "steps" : 0
  },
  "failure" : {
    "message" : "AssertionError: assert False",
    "stackTrace" : "def test_failure():\n            'this test fails'\n>           assert False\nE           assert False\n\ntests\\test_xml.py:13: AssertionError"
  },
  "description" : {
    "value" : "\nThis module contains basic examples of tests\n\r\nthis test fails",
    "type" : "TEXT"
  },
  "severity" : "NORMAL",
  "status" : "FAILED",
  "testId" : null,
  "suite" : {
    "uid" : "a7f298c313da0422",
    "name" : "tests.test_xml",
    "title" : "Test xml"
  },
  "steps" : [ ],
  "attachments" : [ ],
  "issues" : [ ],
  "labels" : [ {
    "name" : "suite-title",
    "value" : null
  }, {
    "name" : "thread",
    "value" : "11248-MainThread"
  }, {
    "name" : "severity",
    "value" : "normal"
  }, {
    "name" : "host",
    "value" : "ZinhVcoin-PC"
  }, {
    "name" : "suite-name",
    "value" : "tests.test_xml"
  } ],
  "parameters" : [ ]
}