{
  "uid" : "d11d455a33c20580",
  "name" : "Test_login_BU.test_tc001",
  "title" : "Test tc 001",
  "time" : {
    "start" : 1461251114512,
    "stop" : 1461251125378,
    "duration" : 10866
  },
  "summary" : {
    "attachments" : 0,
    "steps" : 0
  },
  "failure" : {
    "message" : "AssertionError: assert False",
    "stackTrace" : "self = <com.workspace.project01.module.front_back.login_page.test_login_BU.Test_login_BU instance at 0x03522A08>\n\n    @allure.story('Functional')\n    @pytest.allure.severity(pytest.allure.severity_level.CRITICAL)\n    def test_tc001(self):\n        allure.step('some operation')\n        self.logInfo(\"Verify user can't login with empty username and password\")\n        self.logInfo(\"1. Leave username and password blank\")\n        self.logInfo(\"2. Click Login button\")\n        self.loginPage().login(\"\", \"\")\n    \n        self.logInfo(\"3. Verify the 'Empty password not allowed' error message is displayed\")\n>       self.loginPage().checkErrorMessageDisplayed(self.UsernameAndPasswordNotMacthMessage)\n\nfront_back\\login_page\\test_login_BU.py:38: \n_ _ _ _ _ _ _ _ _ _ _ _ _ _ _ _ _ _ _ _ _ _ _ _ _ _ _ _ _ _ _ _ _ _ _ _ _ _ _ _\n..\\actions\\pages\\Login.py:32: in checkErrorMessageDisplayed\n    \"The error message '%s' is displayed instead of '%s'\" % (messageContent, message))\n_ _ _ _ _ _ _ _ _ _ _ _ _ _ _ _ _ _ _ _ _ _ _ _ _ _ _ _ _ _ _ _ _ _ _ _ _ _ _ _\n\nself = <com.workspace.project01.actions.pages.Login.Login instance at 0x03556FD0>\nexpression = False\npassMsg = \"The error message 'Username and password do not match or you do not have an account yet.' is displayed\"\nfailMsg = \"The error message 'Empty password not allowed' is displayed instead of 'Username and password do not match or you do not have an account yet.'\"\nisSkip = False\n\n    def verifyTrue(self, expression, passMsg, failMsg, isSkip = False):\n        if expression == True:\n            self.logPass(passMsg)\n            assert expression\n        else:\n            self.logFail(failMsg, isSkip)\n            if (isSkip == False):\n>               assert expression\nE               assert False\n\n..\\actions\\AbstractPage.py:297: AssertionError"
  },
  "description" : {
    "value" : "\nCreated on Apr 15, 2016\n\n@author: ZinhVcoin\n",
    "type" : "TEXT"
  },
  "severity" : "CRITICAL",
  "status" : "FAILED",
  "testId" : null,
  "suite" : {
    "uid" : "d1ac5ef5fd988732",
    "name" : "com.workspace.project01.module.front_back.login_page.test_login_BU",
    "title" : "Test login BU"
  },
  "steps" : [ ],
  "attachments" : [ ],
  "issues" : [ ],
  "labels" : [ {
    "name" : "feature",
    "value" : "Login"
  }, {
    "name" : "severity",
    "value" : "critical"
  }, {
    "name" : "suite-title",
    "value" : null
  }, {
    "name" : "thread",
    "value" : "5508-MainThread"
  }, {
    "name" : "story",
    "value" : "Functional"
  }, {
    "name" : "host",
    "value" : "ZinhVcoin-PC"
  }, {
    "name" : "suite-name",
    "value" : "com.workspace.project01.module.front_back.login_page.test_login_BU"
  } ],
  "parameters" : [ ]
}