{
  "uid" : "eef7260d1fcf9a44",
  "name" : "test_also_at_module",
  "title" : "Test also at module",
  "time" : {
    "start" : 1460636657292,
    "stop" : 1460636657298,
    "duration" : 6
  },
  "summary" : {
    "attachments" : 0,
    "steps" : 0
  },
  "failure" : {
    "message" : "AssertionError: assert False",
    "stackTrace" : "def test_also_at_module():\n        '''this is another module-level test\n        with a multi-line description\n        a long one'''\n>       assert False\nE       assert False\n\ndemo\\test_structure_examples.py:15: AssertionError"
  },
  "description" : {
    "value" : "\nThese tests show some attachment examples\n\nCreated on Oct 18, 2013\n\n@author: pupssman\n\r\nthis is another module-level test\n    with a multi-line description\n    a long one",
    "type" : "TEXT"
  },
  "severity" : "NORMAL",
  "status" : "FAILED",
  "testId" : null,
  "suite" : {
    "uid" : "3f0574f19f3008de",
    "name" : "demo.test_attaches",
    "title" : "Test attaches"
  },
  "steps" : [ ],
  "attachments" : [ ],
  "issues" : [ ],
  "labels" : [ {
    "name" : "suite-name",
    "value" : "demo.test_attaches"
  }, {
    "name" : "suite-title",
    "value" : null
  }, {
    "name" : "thread",
    "value" : "7400-MainThread"
  }, {
    "name" : "severity",
    "value" : "normal"
  }, {
    "name" : "host",
    "value" : "ZinhVcoin-PC"
  } ],
  "parameters" : [ ]
}